{"/Users/alextodea/Documents/Projects/swisstopo_node/swisstopo_api/apis.js": {"path":"/Users/alextodea/Documents/Projects/swisstopo_node/swisstopo_api/apis.js","all":false,"statementMap":{"0":{"start":{"line":1,"column":0},"end":{"line":1,"column":29}},"1":{"start":{"line":2,"column":0},"end":{"line":2,"column":23}},"2":{"start":{"line":3,"column":0},"end":{"line":3,"column":45}},"5":{"start":{"line":6,"column":0},"end":{"line":6,"column":29}},"7":{"start":{"line":8,"column":0},"end":{"line":8,"column":16}},"9":{"start":{"line":10,"column":0},"end":{"line":10,"column":24}},"13":{"start":{"line":14,"column":0},"end":{"line":14,"column":44}},"14":{"start":{"line":15,"column":0},"end":{"line":15,"column":9}},"16":{"start":{"line":17,"column":0},"end":{"line":17,"column":162}},"19":{"start":{"line":20,"column":0},"end":{"line":20,"column":30}},"21":{"start":{"line":22,"column":0},"end":{"line":22,"column":5}},"22":{"start":{"line":23,"column":0},"end":{"line":23,"column":18}},"23":{"start":{"line":24,"column":0},"end":{"line":24,"column":36}},"24":{"start":{"line":25,"column":0},"end":{"line":25,"column":54}},"25":{"start":{"line":26,"column":0},"end":{"line":26,"column":5}},"26":{"start":{"line":27,"column":0},"end":{"line":27,"column":3}},"29":{"start":{"line":30,"column":0},"end":{"line":30,"column":44}},"30":{"start":{"line":31,"column":0},"end":{"line":31,"column":65}},"32":{"start":{"line":33,"column":0},"end":{"line":33,"column":74}},"34":{"start":{"line":35,"column":0},"end":{"line":35,"column":22}},"35":{"start":{"line":36,"column":0},"end":{"line":36,"column":67}},"36":{"start":{"line":37,"column":0},"end":{"line":37,"column":5}},"38":{"start":{"line":39,"column":0},"end":{"line":39,"column":9}},"39":{"start":{"line":40,"column":0},"end":{"line":40,"column":23}},"40":{"start":{"line":41,"column":0},"end":{"line":41,"column":66}},"41":{"start":{"line":42,"column":0},"end":{"line":42,"column":76}},"42":{"start":{"line":43,"column":0},"end":{"line":43,"column":6}},"44":{"start":{"line":45,"column":0},"end":{"line":45,"column":92}},"46":{"start":{"line":47,"column":0},"end":{"line":47,"column":45}},"48":{"start":{"line":49,"column":0},"end":{"line":49,"column":20}},"49":{"start":{"line":50,"column":0},"end":{"line":50,"column":36}},"50":{"start":{"line":51,"column":0},"end":{"line":51,"column":54}},"51":{"start":{"line":52,"column":0},"end":{"line":52,"column":5}},"52":{"start":{"line":53,"column":0},"end":{"line":53,"column":3}},"54":{"start":{"line":55,"column":0},"end":{"line":55,"column":16}}},"s":{"0":1,"1":1,"2":1,"5":1,"7":1,"9":1,"13":1,"14":2,"16":2,"19":1,"21":1,"22":1,"23":1,"24":1,"25":1,"26":1,"29":1,"30":3,"32":3,"34":3,"35":1,"36":1,"38":2,"39":2,"40":2,"41":2,"42":2,"44":2,"46":1,"48":1,"49":1,"50":1,"51":1,"52":1,"54":1},"branchMap":{"0":{"type":"branch","line":14,"loc":{"start":{"line":14,"column":23},"end":{"line":27,"column":2}},"locations":[{"start":{"line":14,"column":23},"end":{"line":27,"column":2}}]},"1":{"type":"branch","line":17,"loc":{"start":{"line":17,"column":161},"end":{"line":26,"column":5}},"locations":[{"start":{"line":17,"column":161},"end":{"line":26,"column":5}}]},"2":{"type":"branch","line":30,"loc":{"start":{"line":30,"column":23},"end":{"line":53,"column":2}},"locations":[{"start":{"line":30,"column":23},"end":{"line":53,"column":2}}]},"3":{"type":"branch","line":35,"loc":{"start":{"line":35,"column":21},"end":{"line":37,"column":5}},"locations":[{"start":{"line":35,"column":21},"end":{"line":37,"column":5}}]},"4":{"type":"branch","line":37,"loc":{"start":{"line":37,"column":4},"end":{"line":45,"column":92}},"locations":[{"start":{"line":37,"column":4},"end":{"line":45,"column":92}}]},"5":{"type":"branch","line":45,"loc":{"start":{"line":45,"column":91},"end":{"line":52,"column":5}},"locations":[{"start":{"line":45,"column":91},"end":{"line":52,"column":5}}]}},"b":{"0":[2],"1":[1],"2":[3],"3":[1],"4":[2],"5":[1]},"fnMap":{},"f":{}}
,"/Users/alextodea/Documents/Projects/swisstopo_node/swisstopo_api/postgres_connection.js": {"path":"/Users/alextodea/Documents/Projects/swisstopo_node/swisstopo_api/postgres_connection.js","all":false,"statementMap":{"0":{"start":{"line":1,"column":0},"end":{"line":1,"column":20}},"1":{"start":{"line":2,"column":0},"end":{"line":2,"column":28}},"3":{"start":{"line":4,"column":0},"end":{"line":4,"column":16}},"5":{"start":{"line":6,"column":0},"end":{"line":6,"column":30}},"6":{"start":{"line":7,"column":0},"end":{"line":7,"column":28}},"7":{"start":{"line":8,"column":0},"end":{"line":8,"column":28}},"8":{"start":{"line":9,"column":0},"end":{"line":9,"column":32}},"9":{"start":{"line":10,"column":0},"end":{"line":10,"column":44}},"10":{"start":{"line":11,"column":0},"end":{"line":11,"column":28}},"11":{"start":{"line":12,"column":0},"end":{"line":12,"column":3}},"13":{"start":{"line":14,"column":0},"end":{"line":14,"column":38}},"14":{"start":{"line":15,"column":0},"end":{"line":15,"column":18}},"15":{"start":{"line":16,"column":0},"end":{"line":16,"column":53}},"16":{"start":{"line":17,"column":0},"end":{"line":17,"column":64}},"17":{"start":{"line":18,"column":0},"end":{"line":18,"column":1}},"19":{"start":{"line":20,"column":0},"end":{"line":20,"column":22}}},"s":{"0":1,"1":1,"3":1,"5":1,"6":1,"7":1,"8":1,"9":1,"10":1,"11":1,"13":1,"14":0,"15":0,"16":0,"17":0,"19":1},"branchMap":{"0":{"type":"branch","line":14,"loc":{"start":{"line":14,"column":37},"end":{"line":18,"column":1}},"locations":[{"start":{"line":14,"column":37},"end":{"line":18,"column":1}}]}},"b":{"0":[0]},"fnMap":{},"f":{}}
}
